2020-10-05T22:32:36.308Z info: Cron setup to purge expired blacklistTokens every minute
2020-10-05T22:32:36.323Z info: App listening on the port 3000
2020-10-05T22:32:36.374Z info: Connected!
2020-10-05T22:32:36.468Z info: Result: [{"Database (testdb)":"testdb"}]
2020-10-05T22:32:36.483Z info: Database testdb Used {"fieldCount":0,"affectedRows":0,"insertId":0,"serverStatus":2,"warningCount":0,"message":"","protocol41":true,"changedRows":0}
2020-10-05T22:32:36.502Z info: Table : [{"Tables_in_testdb (users)":"users"}]
2020-10-05T22:32:36.507Z info: Table : [{"Tables_in_testdb (tokens)":"tokens"}]
2020-10-05T22:32:36.510Z info: Table : [{"Tables_in_testdb (blacklistTokens)":"blacklisttokens"}]
2020-10-05T22:32:36.513Z info: Table : [{"Tables_in_testdb (accounts)":"accounts"}]
2020-10-05T22:32:36.515Z info: Table : [{"Tables_in_testdb (userAccounts)":"useraccounts"}]
2020-10-05T22:32:36.794Z info: Event loop lag detected! Latency: 354ms
2020-10-05T22:32:37.295Z info: Event loop lag detected! Latency: 236.33333333333337ms
2020-10-05T22:32:37.796Z info: Event loop lag detected! Latency: 157.88888888888894ms
2020-10-05T22:32:38.297Z info: Event loop lag detected! Latency: 105.59259259259264ms
2020-10-05T22:32:38.797Z info: Event loop lag detected! Latency: 70.3950617283951ms
2020-10-05T22:33:00.016Z info: find SQL: SELECT BIN_TO_UUID(id) id, site_code, user_id, title, user_name, password, email, phone_no, status FROM users WHERE email = 'bkuan72@gmail.com'
2020-10-05T22:33:00.133Z info: created Token
2020-10-05T22:33:46.441Z info: find SQL: SELECT BIN_TO_UUID(id) id, site_code, BIN_TO_UUID(uuid) uuid, BIN_TO_UUID(user_id) user_id, createTimeStamp, expireInMin, token FROM blacklistTokens WHERE token = 'eyJhbGciOiJIUzI1NiIsInR5cCI6IkpXVCJ9.eyJ1c2VyX2lkIjoiZWIxOGU4ZDktZWZkNy0xMWVhLWFhNzQtMzQxN2ViYzk1YjcwIiwidXVpZCI6ImNlZmYzZWM5LWExYWYtNGE4Yy04MDliLWZhYzdiZDgxZDU5YiIsInNpdGVfY29kZSI6IlRFU1QiLCJjcmVhdGVUaW1lU3RhbXAiOiJNb24sIDA1IE9jdCAyMDIwIDIyOjMzOjAwIEdNVCIsImV4cGlyZUluTWluIjozNjAwLCJpYXQiOjE2MDE5MzcxODAsImV4cCI6MTYwMTk0MDc4MH0.g3qCsLuYVH8GPxC9qKM5Fscd_mstuiVyzM2AWSwCQ2I'
2020-10-05T22:33:46.455Z info: findById SQL: SELECT BIN_TO_UUID(id) id, site_code, user_id, title, user_name, email, phone_no, status FROM users WHERE id = UUID_TO_BIN('eb18e8d9-efd7-11ea-aa74-3417ebc95b70')
2020-10-05T23:05:03.019Z info: cron run at 5.03am to purge expired blacklist token
2020-10-05T23:05:03.038Z info: purging expired tokens..
2020-10-06T00:05:03.002Z info: cron run at 5.03am to purge expired blacklist token
2020-10-06T00:05:03.015Z info: purging expired tokens..
2020-10-06T01:05:03.001Z info: cron run at 5.03am to purge expired blacklist token
2020-10-06T01:05:03.011Z info: purging expired tokens..
2020-10-06T02:05:03.002Z info: cron run at 5.03am to purge expired blacklist token
2020-10-06T02:05:03.006Z info: purging expired tokens..
2020-10-06T03:05:03.002Z info: cron run at 5.03am to purge expired blacklist token
2020-10-06T03:05:03.015Z info: purging expired tokens..
2020-10-06T04:10:48.571Z info: Event loop lag detected! Latency: 615531.8152028929ms
2020-10-06T04:10:49.056Z info: Event loop lag detected! Latency: 410355.5434685953ms
2020-10-06T04:10:49.567Z info: Event loop lag detected! Latency: 273574.0289790636ms
2020-10-06T04:10:50.071Z info: Event loop lag detected! Latency: 182384.01931937577ms
2020-10-06T04:10:50.575Z info: Event loop lag detected! Latency: 121590.67954625053ms
2020-10-06T04:10:51.076Z info: Event loop lag detected! Latency: 81060.78636416703ms
2020-10-06T04:10:51.580Z info: Event loop lag detected! Latency: 54041.85757611136ms
2020-10-06T04:10:52.081Z info: Event loop lag detected! Latency: 36028.23838407425ms
2020-10-06T04:10:52.581Z info: Event loop lag detected! Latency: 24018.825589382835ms
2020-10-06T04:10:53.081Z info: Event loop lag detected! Latency: 16012.550392921892ms
2020-10-06T04:10:53.594Z info: Event loop lag detected! Latency: 10679.366928614596ms
2020-10-06T04:10:54.094Z info: Event loop lag detected! Latency: 7119.577952409732ms
2020-10-06T04:10:54.594Z info: Event loop lag detected! Latency: 4746.385301606489ms
2020-10-06T04:10:55.095Z info: Event loop lag detected! Latency: 3164.590201070993ms
2020-10-06T04:10:55.596Z info: Event loop lag detected! Latency: 2110.060134047329ms
2020-10-06T04:10:56.096Z info: Event loop lag detected! Latency: 1406.706756031553ms
2020-10-06T04:10:56.595Z info: Event loop lag detected! Latency: 937.8045040210354ms
2020-10-06T04:10:57.096Z info: Event loop lag detected! Latency: 625.5363360140237ms
2020-10-06T04:10:57.596Z info: Event loop lag detected! Latency: 417.0242240093492ms
2020-10-06T04:10:58.096Z info: Event loop lag detected! Latency: 278.0161493395662ms
2020-10-06T04:10:58.597Z info: Event loop lag detected! Latency: 185.67743289304417ms
2020-10-06T04:10:59.099Z info: Event loop lag detected! Latency: 124.45162192869613ms
2020-10-06T04:10:59.600Z info: Event loop lag detected! Latency: 83.30108128579742ms
2020-10-06T05:05:03.002Z info: cron run at 5.03am to purge expired blacklist token
2020-10-06T05:05:03.013Z info: purging expired tokens..
2020-10-06T06:05:03.002Z info: cron run at 5.03am to purge expired blacklist token
2020-10-06T06:05:03.015Z info: purging expired tokens..
2020-10-06T06:26:22.771Z info: Event loop lag detected! Latency: 91.63825728307492ms
2020-10-06T06:26:23.892Z info: Event loop lag detected! Latency: 80.50589212581107ms
2020-10-06T07:05:03.002Z info: cron run at 5.03am to purge expired blacklist token
2020-10-06T07:05:03.007Z info: purging expired tokens..
